-- Found ament_cmake_ros: 0.12.0 (/opt/ros/jazzy/share/ament_cmake_ros/cmake)
-- Found diagnostic_msgs: 5.3.5 (/opt/ros/jazzy/share/diagnostic_msgs/cmake)
-- Found rosidl_generator_c: 4.6.4 (/opt/ros/jazzy/share/rosidl_generator_c/cmake)
-- Found rosidl_generator_cpp: 4.6.4 (/opt/ros/jazzy/share/rosidl_generator_cpp/cmake)
-- Using all available rosidl_typesupport_c: rosidl_typesupport_fastrtps_c;rosidl_typesupport_introspection_c
-- Using all available rosidl_typesupport_cpp: rosidl_typesupport_fastrtps_cpp;rosidl_typesupport_introspection_cpp
-- Found diagnostic_updater: 4.2.1 (/opt/ros/jazzy/share/diagnostic_updater/cmake)
-- Found rmw_implementation_cmake: 7.3.1 (/opt/ros/jazzy/share/rmw_implementation_cmake/cmake)
-- Found rmw_fastrtps_cpp: 8.4.1 (/opt/ros/jazzy/share/rmw_fastrtps_cpp/cmake)
-- Using RMW implementation 'rmw_fastrtps_cpp' as default
-- Found geometry_msgs: 5.3.5 (/opt/ros/jazzy/share/geometry_msgs/cmake)
-- Found rclcpp_components: 28.1.5 (/opt/ros/jazzy/share/rclcpp_components/cmake)
-- Found sensor_msgs: 5.3.5 (/opt/ros/jazzy/share/sensor_msgs/cmake)
-- Found tf2: 0.36.4 (/opt/ros/jazzy/share/tf2/cmake)
-- Found ublox_msgs: 2.2.0 (/root/ros2_ws/install/ublox_msgs/share/ublox_msgs/cmake)
-- Configuring done (0.8s)
-- Generating done (0.0s)
-- Build files have been written to: /root/ros2_ws/build/ublox_gps
[ 13%] Built target ublox_logger_node
[ 18%] [32mBuilding CXX object CMakeFiles/ublox_gps.dir/src/adr_udr_product.cpp.o[0m
[ 22%] [32mBuilding CXX object CMakeFiles/ublox_gps.dir/src/gps.cpp.o[0m
[ 27%] [32mBuilding CXX object CMakeFiles/ublox_gps.dir/src/hp_pos_rec_product.cpp.o[0m
[ 31%] [32mBuilding CXX object CMakeFiles/ublox_gps.dir/src/hpg_ref_product.cpp.o[0m
[ 36%] [32mBuilding CXX object CMakeFiles/ublox_gps.dir/src/hpg_rov_product.cpp.o[0m
[ 40%] [32mBuilding CXX object CMakeFiles/ublox_gps.dir/src/node.cpp.o[0m
[ 45%] [32mBuilding CXX object CMakeFiles/ublox_gps.dir/src/raw_data_product.cpp.o[0m
[ 50%] [32mBuilding CXX object CMakeFiles/ublox_gps.dir/src/tim_product.cpp.o[0m
[ 54%] [32mBuilding CXX object CMakeFiles/ublox_gps.dir/src/ublox_firmware.cpp.o[0m
[ 59%] [32mBuilding CXX object CMakeFiles/ublox_gps.dir/src/ublox_firmware6.cpp.o[0m
[ 63%] [32mBuilding CXX object CMakeFiles/ublox_gps.dir/src/ublox_firmware7.cpp.o[0m
[ 68%] [32mBuilding CXX object CMakeFiles/ublox_gps.dir/src/ublox_firmware8.cpp.o[0m
[01m[K/root/ros2_ws/src/ros2-ublox-zedf9p/ublox_gps/src/gps.cpp:36:10:[m[K [01;31m[Kfatal error: [m[Kasio/io_service.hpp: No such file or directory
   36 | #include [01;31m[K<asio/io_service.hpp>[m[K
      |          [01;31m[K^~~~~~~~~~~~~~~~~~~~~[m[K
compilation terminated.
gmake[2]: *** [CMakeFiles/ublox_gps.dir/build.make:104: CMakeFiles/ublox_gps.dir/src/gps.cpp.o] Error 1
gmake[2]: *** Waiting for unfinished jobs....
In file included from [01m[K/root/ros2_ws/src/ros2-ublox-zedf9p/ublox_gps/include/ublox_gps/gps.hpp:45[m[K,
                 from [01m[K/root/ros2_ws/src/ros2-ublox-zedf9p/ublox_gps/include/ublox_gps/component_interface.hpp:35[m[K,
                 from [01m[K/root/ros2_ws/src/ros2-ublox-zedf9p/ublox_gps/include/ublox_gps/hpg_ref_product.hpp:12[m[K,
                 from [01m[K/root/ros2_ws/src/ros2-ublox-zedf9p/ublox_gps/src/hpg_ref_product.cpp:15[m[K:
[01m[K/root/ros2_ws/src/ros2-ublox-zedf9p/ublox_gps/include/ublox_gps/async_worker.hpp:12:10:[m[K [01;31m[Kfatal error: [m[Kasio/buffer.hpp: No such file or directory
   12 | #include [01;31m[K<asio/buffer.hpp>[m[K
      |          [01;31m[K^~~~~~~~~~~~~~~~~[m[K
compilation terminated.
gmake[2]: *** [CMakeFiles/ublox_gps.dir/build.make:132: CMakeFiles/ublox_gps.dir/src/hpg_ref_product.cpp.o] Error 1
In file included from [01m[K/root/ros2_ws/src/ros2-ublox-zedf9p/ublox_gps/include/ublox_gps/gps.hpp:45[m[K,
                 from [01m[K/root/ros2_ws/src/ros2-ublox-zedf9p/ublox_gps/include/ublox_gps/hp_pos_rec_product.hpp:14[m[K,
                 from [01m[K/root/ros2_ws/src/ros2-ublox-zedf9p/ublox_gps/src/hp_pos_rec_product.cpp:14[m[K:
[01m[K/root/ros2_ws/src/ros2-ublox-zedf9p/ublox_gps/include/ublox_gps/async_worker.hpp:12:10:[m[K [01;31m[Kfatal error: [m[Kasio/buffer.hpp: No such file or directory
   12 | #include [01;31m[K<asio/buffer.hpp>[m[K
      |          [01;31m[K^~~~~~~~~~~~~~~~~[m[K
compilation terminated.
gmake[2]: *** [CMakeFiles/ublox_gps.dir/build.make:118: CMakeFiles/ublox_gps.dir/src/hp_pos_rec_product.cpp.o] Error 1
In file included from [01m[K/root/ros2_ws/src/ros2-ublox-zedf9p/ublox_gps/include/ublox_gps/gps.hpp:45[m[K,
                 from [01m[K/root/ros2_ws/src/ros2-ublox-zedf9p/ublox_gps/src/hpg_rov_product.cpp:13[m[K:
[01m[K/root/ros2_ws/src/ros2-ublox-zedf9p/ublox_gps/include/ublox_gps/async_worker.hpp:12:10:[m[K [01;31m[Kfatal error: [m[Kasio/buffer.hpp: No such file or directory
   12 | #include [01;31m[K<asio/buffer.hpp>[m[K
      |          [01;31m[K^~~~~~~~~~~~~~~~~[m[K
compilation terminated.
In file included from [01m[K/root/ros2_ws/src/ros2-ublox-zedf9p/ublox_gps/include/ublox_gps/gps.hpp:45[m[K,
                 from [01m[K/root/ros2_ws/src/ros2-ublox-zedf9p/ublox_gps/src/tim_product.cpp:14[m[K:
[01m[K/root/ros2_ws/src/ros2-ublox-zedf9p/ublox_gps/include/ublox_gps/async_worker.hpp:12:10:[m[K [01;31m[Kfatal error: [m[Kasio/buffer.hpp: No such file or directory
   12 | #include [01;31m[K<asio/buffer.hpp>[m[K
      |          [01;31m[K^~~~~~~~~~~~~~~~~[m[K
compilation terminated.
In file included from [01m[K/root/ros2_ws/src/ros2-ublox-zedf9p/ublox_gps/include/ublox_gps/gps.hpp:45[m[K,
                 from [01m[K/root/ros2_ws/src/ros2-ublox-zedf9p/ublox_gps/include/ublox_gps/ublox_firmware7.hpp:16[m[K,
                 from [01m[K/root/ros2_ws/src/ros2-ublox-zedf9p/ublox_gps/src/ublox_firmware7.cpp:14[m[K:
[01m[K/root/ros2_ws/src/ros2-ublox-zedf9p/ublox_gps/include/ublox_gps/async_worker.hpp:12:10:[m[K [01;31m[Kfatal error: [m[Kasio/buffer.hpp: No such file or directory
   12 | #include [01;31m[K<asio/buffer.hpp>[m[K
      |          [01;31m[K^~~~~~~~~~~~~~~~~[m[K
compilation terminated.
gmake[2]: *** [CMakeFiles/ublox_gps.dir/build.make:146: CMakeFiles/ublox_gps.dir/src/hpg_rov_product.cpp.o] Error 1
gmake[2]: *** [CMakeFiles/ublox_gps.dir/build.make:216: CMakeFiles/ublox_gps.dir/src/tim_product.cpp.o] Error 1
gmake[2]: *** [CMakeFiles/ublox_gps.dir/build.make:258: CMakeFiles/ublox_gps.dir/src/ublox_firmware7.cpp.o] Error 1
In file included from [01m[K/root/ros2_ws/src/ros2-ublox-zedf9p/ublox_gps/include/ublox_gps/gps.hpp:45[m[K,
                 from [01m[K/root/ros2_ws/src/ros2-ublox-zedf9p/ublox_gps/include/ublox_gps/component_interface.hpp:35[m[K,
                 from [01m[K/root/ros2_ws/src/ros2-ublox-zedf9p/ublox_gps/include/ublox_gps/ublox_firmware.hpp:9[m[K,
                 from [01m[K/root/ros2_ws/src/ros2-ublox-zedf9p/ublox_gps/src/ublox_firmware.cpp:7[m[K:
[01m[K/root/ros2_ws/src/ros2-ublox-zedf9p/ublox_gps/include/ublox_gps/async_worker.hpp:12:10:[m[K [01;31m[Kfatal error: [m[Kasio/buffer.hpp: No such file or directory
   12 | #include [01;31m[K<asio/buffer.hpp>[m[K
      |          [01;31m[K^~~~~~~~~~~~~~~~~[m[K
compilation terminated.
gmake[2]: *** [CMakeFiles/ublox_gps.dir/build.make:230: CMakeFiles/ublox_gps.dir/src/ublox_firmware.cpp.o] Error 1
In file included from [01m[K/root/ros2_ws/src/ros2-ublox-zedf9p/ublox_gps/include/ublox_gps/gps.hpp:45[m[K,
                 from [01m[K/root/ros2_ws/src/ros2-ublox-zedf9p/ublox_gps/include/ublox_gps/ublox_firmware8.hpp:16[m[K,
                 from [01m[K/root/ros2_ws/src/ros2-ublox-zedf9p/ublox_gps/src/ublox_firmware8.cpp:16[m[K:
[01m[K/root/ros2_ws/src/ros2-ublox-zedf9p/ublox_gps/include/ublox_gps/async_worker.hpp:12:10:[m[K [01;31m[Kfatal error: [m[Kasio/buffer.hpp: No such file or directory
   12 | #include [01;31m[K<asio/buffer.hpp>[m[K
      |          [01;31m[K^~~~~~~~~~~~~~~~~[m[K
compilation terminated.
gmake[2]: *** [CMakeFiles/ublox_gps.dir/build.make:272: CMakeFiles/ublox_gps.dir/src/ublox_firmware8.cpp.o] Error 1
In file included from [01m[K/root/ros2_ws/src/ros2-ublox-zedf9p/ublox_gps/include/ublox_gps/gps.hpp:45[m[K,
                 from [01m[K/root/ros2_ws/src/ros2-ublox-zedf9p/ublox_gps/include/ublox_gps/component_interface.hpp:35[m[K,
                 from [01m[K/root/ros2_ws/src/ros2-ublox-zedf9p/ublox_gps/include/ublox_gps/adr_udr_product.hpp:20[m[K,
                 from [01m[K/root/ros2_ws/src/ros2-ublox-zedf9p/ublox_gps/src/adr_udr_product.cpp:20[m[K:
[01m[K/root/ros2_ws/src/ros2-ublox-zedf9p/ublox_gps/include/ublox_gps/async_worker.hpp:12:10:[m[K [01;31m[Kfatal error: [m[Kasio/buffer.hpp: No such file or directory
   12 | #include [01;31m[K<asio/buffer.hpp>[m[K
      |          [01;31m[K^~~~~~~~~~~~~~~~~[m[K
compilation terminated.
gmake[2]: *** [CMakeFiles/ublox_gps.dir/build.make:76: CMakeFiles/ublox_gps.dir/src/adr_udr_product.cpp.o] Error 1
In file included from [01m[K/root/ros2_ws/src/ros2-ublox-zedf9p/ublox_gps/include/ublox_gps/gps.hpp:45[m[K,
                 from [01m[K/root/ros2_ws/src/ros2-ublox-zedf9p/ublox_gps/include/ublox_gps/component_interface.hpp:35[m[K,
                 from [01m[K/root/ros2_ws/src/ros2-ublox-zedf9p/ublox_gps/include/ublox_gps/ublox_firmware.hpp:9[m[K,
                 from [01m[K/root/ros2_ws/src/ros2-ublox-zedf9p/ublox_gps/src/ublox_firmware6.cpp:21[m[K:
[01m[K/root/ros2_ws/src/ros2-ublox-zedf9p/ublox_gps/include/ublox_gps/async_worker.hpp:12:10:[m[K [01;31m[Kfatal error: [m[Kasio/buffer.hpp: No such file or directory
   12 | #include [01;31m[K<asio/buffer.hpp>[m[K
      |          [01;31m[K^~~~~~~~~~~~~~~~~[m[K
compilation terminated.
gmake[2]: *** [CMakeFiles/ublox_gps.dir/build.make:244: CMakeFiles/ublox_gps.dir/src/ublox_firmware6.cpp.o] Error 1
In file included from [01m[K/root/ros2_ws/src/ros2-ublox-zedf9p/ublox_gps/include/ublox_gps/gps.hpp:45[m[K,
                 from [01m[K/root/ros2_ws/src/ros2-ublox-zedf9p/ublox_gps/src/raw_data_product.cpp:11[m[K:
[01m[K/root/ros2_ws/src/ros2-ublox-zedf9p/ublox_gps/include/ublox_gps/async_worker.hpp:12:10:[m[K [01;31m[Kfatal error: [m[Kasio/buffer.hpp: No such file or directory
   12 | #include [01;31m[K<asio/buffer.hpp>[m[K
      |          [01;31m[K^~~~~~~~~~~~~~~~~[m[K
compilation terminated.
gmake[2]: *** [CMakeFiles/ublox_gps.dir/build.make:202: CMakeFiles/ublox_gps.dir/src/raw_data_product.cpp.o] Error 1
In file included from [01m[K/root/ros2_ws/src/ros2-ublox-zedf9p/ublox_gps/include/ublox_gps/gps.hpp:45[m[K,
                 from [01m[K/root/ros2_ws/src/ros2-ublox-zedf9p/ublox_gps/include/ublox_gps/component_interface.hpp:35[m[K,
                 from [01m[K/root/ros2_ws/src/ros2-ublox-zedf9p/ublox_gps/include/ublox_gps/adr_udr_product.hpp:20[m[K,
                 from [01m[K/root/ros2_ws/src/ros2-ublox-zedf9p/ublox_gps/src/node.cpp:58[m[K:
[01m[K/root/ros2_ws/src/ros2-ublox-zedf9p/ublox_gps/include/ublox_gps/async_worker.hpp:12:10:[m[K [01;31m[Kfatal error: [m[Kasio/buffer.hpp: No such file or directory
   12 | #include [01;31m[K<asio/buffer.hpp>[m[K
      |          [01;31m[K^~~~~~~~~~~~~~~~~[m[K
compilation terminated.
gmake[2]: *** [CMakeFiles/ublox_gps.dir/build.make:174: CMakeFiles/ublox_gps.dir/src/node.cpp.o] Error 1
gmake[1]: *** [CMakeFiles/Makefile2:141: CMakeFiles/ublox_gps.dir/all] Error 2
gmake: *** [Makefile:146: all] Error 2
