[0.016s] Invoking command in '/root/ros2_ws/build/ublox_gps': AMENT_PREFIX_PATH=/root/ros2_ws/install/ublox_msgs:/root/ros2_ws/install/ublox_serialization:${AMENT_PREFIX_PATH} CMAKE_PREFIX_PATH=/root/ros2_ws/install/ublox_msgs:/root/ros2_ws/install/ublox_serialization:/opt/ros/jazzy/opt/gz_sim_vendor:/opt/ros/jazzy/opt/gz_sensors_vendor:/opt/ros/jazzy/opt/gz_physics_vendor:/opt/ros/jazzy/opt/sdformat_vendor:/opt/ros/jazzy/opt/gz_gui_vendor:/opt/ros/jazzy/opt/gz_transport_vendor:/opt/ros/jazzy/opt/gz_rendering_vendor:/opt/ros/jazzy/opt/gz_plugin_vendor:/opt/ros/jazzy/opt/gz_fuel_tools_vendor:/opt/ros/jazzy/opt/gz_msgs_vendor:/opt/ros/jazzy/opt/gz_common_vendor:/opt/ros/jazzy/opt/gz_math_vendor:/opt/ros/jazzy/opt/gz_utils_vendor:/opt/ros/jazzy/opt/gz_tools_vendor:/opt/ros/jazzy/opt/gz_ogre_next_vendor:/opt/ros/jazzy/opt/gz_dartsim_vendor:/opt/ros/jazzy/opt/gz_cmake_vendor:/opt/ros/jazzy LD_LIBRARY_PATH=/root/ros2_ws/install/ublox_msgs/lib:${LD_LIBRARY_PATH} PYTHONPATH=/root/ros2_ws/install/ublox_msgs/lib/python3.12/site-packages:${PYTHONPATH} /usr/bin/cmake --build /root/ros2_ws/build/ublox_gps -- -j12 -l12
[0.063s] -- Found ament_cmake_ros: 0.12.0 (/opt/ros/jazzy/share/ament_cmake_ros/cmake)
[0.290s] -- Found diagnostic_msgs: 5.3.5 (/opt/ros/jazzy/share/diagnostic_msgs/cmake)
[0.317s] -- Found rosidl_generator_c: 4.6.4 (/opt/ros/jazzy/share/rosidl_generator_c/cmake)
[0.329s] -- Found rosidl_generator_cpp: 4.6.4 (/opt/ros/jazzy/share/rosidl_generator_cpp/cmake)
[0.341s] -- Using all available rosidl_typesupport_c: rosidl_typesupport_fastrtps_c;rosidl_typesupport_introspection_c
[0.357s] -- Using all available rosidl_typesupport_cpp: rosidl_typesupport_fastrtps_cpp;rosidl_typesupport_introspection_cpp
[0.426s] -- Found diagnostic_updater: 4.2.1 (/opt/ros/jazzy/share/diagnostic_updater/cmake)
[0.488s] -- Found rmw_implementation_cmake: 7.3.1 (/opt/ros/jazzy/share/rmw_implementation_cmake/cmake)
[0.490s] -- Found rmw_fastrtps_cpp: 8.4.1 (/opt/ros/jazzy/share/rmw_fastrtps_cpp/cmake)
[0.566s] -- Using RMW implementation 'rmw_fastrtps_cpp' as default
[0.651s] -- Found geometry_msgs: 5.3.5 (/opt/ros/jazzy/share/geometry_msgs/cmake)
[0.669s] -- Found rclcpp_components: 28.1.5 (/opt/ros/jazzy/share/rclcpp_components/cmake)
[0.704s] -- Found sensor_msgs: 5.3.5 (/opt/ros/jazzy/share/sensor_msgs/cmake)
[0.736s] -- Found tf2: 0.36.4 (/opt/ros/jazzy/share/tf2/cmake)
[0.741s] -- Found ublox_msgs: 2.2.0 (/root/ros2_ws/install/ublox_msgs/share/ublox_msgs/cmake)
[0.872s] -- Configuring done (0.8s)
[0.899s] -- Generating done (0.0s)
[0.908s] -- Build files have been written to: /root/ros2_ws/build/ublox_gps
[0.975s] [ 13%] Built target ublox_logger_node
[1.061s] [ 18%] [32mBuilding CXX object CMakeFiles/ublox_gps.dir/src/adr_udr_product.cpp.o[0m
[1.063s] [ 22%] [32mBuilding CXX object CMakeFiles/ublox_gps.dir/src/gps.cpp.o[0m
[1.067s] [ 27%] [32mBuilding CXX object CMakeFiles/ublox_gps.dir/src/hp_pos_rec_product.cpp.o[0m
[1.068s] [ 31%] [32mBuilding CXX object CMakeFiles/ublox_gps.dir/src/hpg_ref_product.cpp.o[0m
[1.071s] [ 36%] [32mBuilding CXX object CMakeFiles/ublox_gps.dir/src/hpg_rov_product.cpp.o[0m
[1.079s] [ 40%] [32mBuilding CXX object CMakeFiles/ublox_gps.dir/src/node.cpp.o[0m
[1.086s] [ 45%] [32mBuilding CXX object CMakeFiles/ublox_gps.dir/src/raw_data_product.cpp.o[0m
[1.088s] [ 50%] [32mBuilding CXX object CMakeFiles/ublox_gps.dir/src/tim_product.cpp.o[0m
[1.090s] [ 54%] [32mBuilding CXX object CMakeFiles/ublox_gps.dir/src/ublox_firmware.cpp.o[0m
[1.099s] [ 59%] [32mBuilding CXX object CMakeFiles/ublox_gps.dir/src/ublox_firmware6.cpp.o[0m
[1.102s] [ 63%] [32mBuilding CXX object CMakeFiles/ublox_gps.dir/src/ublox_firmware7.cpp.o[0m
[1.109s] [ 68%] [32mBuilding CXX object CMakeFiles/ublox_gps.dir/src/ublox_firmware8.cpp.o[0m
[1.525s] [01m[K/root/ros2_ws/src/ros2-ublox-zedf9p/ublox_gps/src/gps.cpp:36:10:[m[K [01;31m[Kfatal error: [m[Kasio/io_service.hpp: No such file or directory
[1.526s]    36 | #include [01;31m[K<asio/io_service.hpp>[m[K
[1.526s]       |          [01;31m[K^~~~~~~~~~~~~~~~~~~~~[m[K
[1.527s] compilation terminated.
[1.536s] gmake[2]: *** [CMakeFiles/ublox_gps.dir/build.make:104: CMakeFiles/ublox_gps.dir/src/gps.cpp.o] Error 1
[1.536s] gmake[2]: *** Waiting for unfinished jobs....
[2.437s] In file included from [01m[K/root/ros2_ws/src/ros2-ublox-zedf9p/ublox_gps/include/ublox_gps/gps.hpp:45[m[K,
[2.439s]                  from [01m[K/root/ros2_ws/src/ros2-ublox-zedf9p/ublox_gps/include/ublox_gps/component_interface.hpp:35[m[K,
[2.439s]                  from [01m[K/root/ros2_ws/src/ros2-ublox-zedf9p/ublox_gps/include/ublox_gps/hpg_ref_product.hpp:12[m[K,
[2.440s]                  from [01m[K/root/ros2_ws/src/ros2-ublox-zedf9p/ublox_gps/src/hpg_ref_product.cpp:15[m[K:
[2.440s] [01m[K/root/ros2_ws/src/ros2-ublox-zedf9p/ublox_gps/include/ublox_gps/async_worker.hpp:12:10:[m[K [01;31m[Kfatal error: [m[Kasio/buffer.hpp: No such file or directory
[2.440s]    12 | #include [01;31m[K<asio/buffer.hpp>[m[K
[2.440s]       |          [01;31m[K^~~~~~~~~~~~~~~~~[m[K
[2.441s] compilation terminated.
[2.441s] gmake[2]: *** [CMakeFiles/ublox_gps.dir/build.make:132: CMakeFiles/ublox_gps.dir/src/hpg_ref_product.cpp.o] Error 1
[2.531s] In file included from [01m[K/root/ros2_ws/src/ros2-ublox-zedf9p/ublox_gps/include/ublox_gps/gps.hpp:45[m[K,
[2.532s]                  from [01m[K/root/ros2_ws/src/ros2-ublox-zedf9p/ublox_gps/include/ublox_gps/hp_pos_rec_product.hpp:14[m[K,
[2.532s]                  from [01m[K/root/ros2_ws/src/ros2-ublox-zedf9p/ublox_gps/src/hp_pos_rec_product.cpp:14[m[K:
[2.532s] [01m[K/root/ros2_ws/src/ros2-ublox-zedf9p/ublox_gps/include/ublox_gps/async_worker.hpp:12:10:[m[K [01;31m[Kfatal error: [m[Kasio/buffer.hpp: No such file or directory
[2.533s]    12 | #include [01;31m[K<asio/buffer.hpp>[m[K
[2.533s]       |          [01;31m[K^~~~~~~~~~~~~~~~~[m[K
[2.533s] compilation terminated.
[2.534s] gmake[2]: *** [CMakeFiles/ublox_gps.dir/build.make:118: CMakeFiles/ublox_gps.dir/src/hp_pos_rec_product.cpp.o] Error 1
[2.657s] In file included from [01m[K/root/ros2_ws/src/ros2-ublox-zedf9p/ublox_gps/include/ublox_gps/gps.hpp:45[m[K,
[2.657s]                  from [01m[K/root/ros2_ws/src/ros2-ublox-zedf9p/ublox_gps/src/hpg_rov_product.cpp:13[m[K:
[2.657s] [01m[K/root/ros2_ws/src/ros2-ublox-zedf9p/ublox_gps/include/ublox_gps/async_worker.hpp:12:10:[m[K [01;31m[Kfatal error: [m[Kasio/buffer.hpp: No such file or directory
[2.658s]    12 | #include [01;31m[K<asio/buffer.hpp>[m[K
[2.658s]       |          [01;31m[K^~~~~~~~~~~~~~~~~[m[K
[2.658s] compilation terminated.
[2.661s] In file included from [01m[K/root/ros2_ws/src/ros2-ublox-zedf9p/ublox_gps/include/ublox_gps/gps.hpp:45[m[K,
[2.661s]                  from [01m[K/root/ros2_ws/src/ros2-ublox-zedf9p/ublox_gps/src/tim_product.cpp:14[m[K:
[2.661s] [01m[K/root/ros2_ws/src/ros2-ublox-zedf9p/ublox_gps/include/ublox_gps/async_worker.hpp:12:10:[m[K [01;31m[Kfatal error: [m[Kasio/buffer.hpp: No such file or directory
[2.661s]    12 | #include [01;31m[K<asio/buffer.hpp>[m[K
[2.662s]       |          [01;31m[K^~~~~~~~~~~~~~~~~[m[K
[2.662s] compilation terminated.
[2.665s] In file included from [01m[K/root/ros2_ws/src/ros2-ublox-zedf9p/ublox_gps/include/ublox_gps/gps.hpp:45[m[K,
[2.665s]                  from [01m[K/root/ros2_ws/src/ros2-ublox-zedf9p/ublox_gps/include/ublox_gps/ublox_firmware7.hpp:16[m[K,
[2.665s]                  from [01m[K/root/ros2_ws/src/ros2-ublox-zedf9p/ublox_gps/src/ublox_firmware7.cpp:14[m[K:
[2.665s] [01m[K/root/ros2_ws/src/ros2-ublox-zedf9p/ublox_gps/include/ublox_gps/async_worker.hpp:12:10:[m[K [01;31m[Kfatal error: [m[Kasio/buffer.hpp: No such file or directory
[2.665s]    12 | #include [01;31m[K<asio/buffer.hpp>[m[K
[2.666s]       |          [01;31m[K^~~~~~~~~~~~~~~~~[m[K
[2.666s] compilation terminated.
[2.667s] gmake[2]: *** [CMakeFiles/ublox_gps.dir/build.make:146: CMakeFiles/ublox_gps.dir/src/hpg_rov_product.cpp.o] Error 1
[2.668s] gmake[2]: *** [CMakeFiles/ublox_gps.dir/build.make:216: CMakeFiles/ublox_gps.dir/src/tim_product.cpp.o] Error 1
[2.668s] gmake[2]: *** [CMakeFiles/ublox_gps.dir/build.make:258: CMakeFiles/ublox_gps.dir/src/ublox_firmware7.cpp.o] Error 1
[2.675s] In file included from [01m[K/root/ros2_ws/src/ros2-ublox-zedf9p/ublox_gps/include/ublox_gps/gps.hpp:45[m[K,
[2.675s]                  from [01m[K/root/ros2_ws/src/ros2-ublox-zedf9p/ublox_gps/include/ublox_gps/component_interface.hpp:35[m[K,
[2.675s]                  from [01m[K/root/ros2_ws/src/ros2-ublox-zedf9p/ublox_gps/include/ublox_gps/ublox_firmware.hpp:9[m[K,
[2.675s]                  from [01m[K/root/ros2_ws/src/ros2-ublox-zedf9p/ublox_gps/src/ublox_firmware.cpp:7[m[K:
[2.675s] [01m[K/root/ros2_ws/src/ros2-ublox-zedf9p/ublox_gps/include/ublox_gps/async_worker.hpp:12:10:[m[K [01;31m[Kfatal error: [m[Kasio/buffer.hpp: No such file or directory
[2.675s]    12 | #include [01;31m[K<asio/buffer.hpp>[m[K
[2.675s]       |          [01;31m[K^~~~~~~~~~~~~~~~~[m[K
[2.676s] compilation terminated.
[2.678s] gmake[2]: *** [CMakeFiles/ublox_gps.dir/build.make:230: CMakeFiles/ublox_gps.dir/src/ublox_firmware.cpp.o] Error 1
[2.679s] In file included from [01m[K/root/ros2_ws/src/ros2-ublox-zedf9p/ublox_gps/include/ublox_gps/gps.hpp:45[m[K,
[2.679s]                  from [01m[K/root/ros2_ws/src/ros2-ublox-zedf9p/ublox_gps/include/ublox_gps/ublox_firmware8.hpp:16[m[K,
[2.679s]                  from [01m[K/root/ros2_ws/src/ros2-ublox-zedf9p/ublox_gps/src/ublox_firmware8.cpp:16[m[K:
[2.679s] [01m[K/root/ros2_ws/src/ros2-ublox-zedf9p/ublox_gps/include/ublox_gps/async_worker.hpp:12:10:[m[K [01;31m[Kfatal error: [m[Kasio/buffer.hpp: No such file or directory
[2.680s]    12 | #include [01;31m[K<asio/buffer.hpp>[m[K
[2.680s]       |          [01;31m[K^~~~~~~~~~~~~~~~~[m[K
[2.680s] compilation terminated.
[2.681s] gmake[2]: *** [CMakeFiles/ublox_gps.dir/build.make:272: CMakeFiles/ublox_gps.dir/src/ublox_firmware8.cpp.o] Error 1
[2.685s] In file included from [01m[K/root/ros2_ws/src/ros2-ublox-zedf9p/ublox_gps/include/ublox_gps/gps.hpp:45[m[K,
[2.686s]                  from [01m[K/root/ros2_ws/src/ros2-ublox-zedf9p/ublox_gps/include/ublox_gps/component_interface.hpp:35[m[K,
[2.686s]                  from [01m[K/root/ros2_ws/src/ros2-ublox-zedf9p/ublox_gps/include/ublox_gps/adr_udr_product.hpp:20[m[K,
[2.686s]                  from [01m[K/root/ros2_ws/src/ros2-ublox-zedf9p/ublox_gps/src/adr_udr_product.cpp:20[m[K:
[2.686s] [01m[K/root/ros2_ws/src/ros2-ublox-zedf9p/ublox_gps/include/ublox_gps/async_worker.hpp:12:10:[m[K [01;31m[Kfatal error: [m[Kasio/buffer.hpp: No such file or directory
[2.686s]    12 | #include [01;31m[K<asio/buffer.hpp>[m[K
[2.686s]       |          [01;31m[K^~~~~~~~~~~~~~~~~[m[K
[2.686s] compilation terminated.
[2.688s] gmake[2]: *** [CMakeFiles/ublox_gps.dir/build.make:76: CMakeFiles/ublox_gps.dir/src/adr_udr_product.cpp.o] Error 1
[2.689s] In file included from [01m[K/root/ros2_ws/src/ros2-ublox-zedf9p/ublox_gps/include/ublox_gps/gps.hpp:45[m[K,
[2.689s]                  from [01m[K/root/ros2_ws/src/ros2-ublox-zedf9p/ublox_gps/include/ublox_gps/component_interface.hpp:35[m[K,
[2.689s]                  from [01m[K/root/ros2_ws/src/ros2-ublox-zedf9p/ublox_gps/include/ublox_gps/ublox_firmware.hpp:9[m[K,
[2.689s]                  from [01m[K/root/ros2_ws/src/ros2-ublox-zedf9p/ublox_gps/src/ublox_firmware6.cpp:21[m[K:
[2.689s] [01m[K/root/ros2_ws/src/ros2-ublox-zedf9p/ublox_gps/include/ublox_gps/async_worker.hpp:12:10:[m[K [01;31m[Kfatal error: [m[Kasio/buffer.hpp: No such file or directory
[2.689s]    12 | #include [01;31m[K<asio/buffer.hpp>[m[K
[2.689s]       |          [01;31m[K^~~~~~~~~~~~~~~~~[m[K
[2.690s] compilation terminated.
[2.691s] gmake[2]: *** [CMakeFiles/ublox_gps.dir/build.make:244: CMakeFiles/ublox_gps.dir/src/ublox_firmware6.cpp.o] Error 1
[2.694s] In file included from [01m[K/root/ros2_ws/src/ros2-ublox-zedf9p/ublox_gps/include/ublox_gps/gps.hpp:45[m[K,
[2.694s]                  from [01m[K/root/ros2_ws/src/ros2-ublox-zedf9p/ublox_gps/src/raw_data_product.cpp:11[m[K:
[2.694s] [01m[K/root/ros2_ws/src/ros2-ublox-zedf9p/ublox_gps/include/ublox_gps/async_worker.hpp:12:10:[m[K [01;31m[Kfatal error: [m[Kasio/buffer.hpp: No such file or directory
[2.694s]    12 | #include [01;31m[K<asio/buffer.hpp>[m[K
[2.694s]       |          [01;31m[K^~~~~~~~~~~~~~~~~[m[K
[2.694s] compilation terminated.
[2.696s] gmake[2]: *** [CMakeFiles/ublox_gps.dir/build.make:202: CMakeFiles/ublox_gps.dir/src/raw_data_product.cpp.o] Error 1
[2.719s] In file included from [01m[K/root/ros2_ws/src/ros2-ublox-zedf9p/ublox_gps/include/ublox_gps/gps.hpp:45[m[K,
[2.720s]                  from [01m[K/root/ros2_ws/src/ros2-ublox-zedf9p/ublox_gps/include/ublox_gps/component_interface.hpp:35[m[K,
[2.720s]                  from [01m[K/root/ros2_ws/src/ros2-ublox-zedf9p/ublox_gps/include/ublox_gps/adr_udr_product.hpp:20[m[K,
[2.720s]                  from [01m[K/root/ros2_ws/src/ros2-ublox-zedf9p/ublox_gps/src/node.cpp:58[m[K:
[2.720s] [01m[K/root/ros2_ws/src/ros2-ublox-zedf9p/ublox_gps/include/ublox_gps/async_worker.hpp:12:10:[m[K [01;31m[Kfatal error: [m[Kasio/buffer.hpp: No such file or directory
[2.720s]    12 | #include [01;31m[K<asio/buffer.hpp>[m[K
[2.720s]       |          [01;31m[K^~~~~~~~~~~~~~~~~[m[K
[2.720s] compilation terminated.
[2.721s] gmake[2]: *** [CMakeFiles/ublox_gps.dir/build.make:174: CMakeFiles/ublox_gps.dir/src/node.cpp.o] Error 1
[2.722s] gmake[1]: *** [CMakeFiles/Makefile2:141: CMakeFiles/ublox_gps.dir/all] Error 2
[2.722s] gmake: *** [Makefile:146: all] Error 2
[2.725s] Invoked command in '/root/ros2_ws/build/ublox_gps' returned '2': AMENT_PREFIX_PATH=/root/ros2_ws/install/ublox_msgs:/root/ros2_ws/install/ublox_serialization:${AMENT_PREFIX_PATH} CMAKE_PREFIX_PATH=/root/ros2_ws/install/ublox_msgs:/root/ros2_ws/install/ublox_serialization:/opt/ros/jazzy/opt/gz_sim_vendor:/opt/ros/jazzy/opt/gz_sensors_vendor:/opt/ros/jazzy/opt/gz_physics_vendor:/opt/ros/jazzy/opt/sdformat_vendor:/opt/ros/jazzy/opt/gz_gui_vendor:/opt/ros/jazzy/opt/gz_transport_vendor:/opt/ros/jazzy/opt/gz_rendering_vendor:/opt/ros/jazzy/opt/gz_plugin_vendor:/opt/ros/jazzy/opt/gz_fuel_tools_vendor:/opt/ros/jazzy/opt/gz_msgs_vendor:/opt/ros/jazzy/opt/gz_common_vendor:/opt/ros/jazzy/opt/gz_math_vendor:/opt/ros/jazzy/opt/gz_utils_vendor:/opt/ros/jazzy/opt/gz_tools_vendor:/opt/ros/jazzy/opt/gz_ogre_next_vendor:/opt/ros/jazzy/opt/gz_dartsim_vendor:/opt/ros/jazzy/opt/gz_cmake_vendor:/opt/ros/jazzy LD_LIBRARY_PATH=/root/ros2_ws/install/ublox_msgs/lib:${LD_LIBRARY_PATH} PYTHONPATH=/root/ros2_ws/install/ublox_msgs/lib/python3.12/site-packages:${PYTHONPATH} /usr/bin/cmake --build /root/ros2_ws/build/ublox_gps -- -j12 -l12
